2025-01-22 01:25:31,373 - INFO - Daily Aggregator Startup
2025-01-22 01:25:31,601 - INFO - Connected to Cassandra
2025-01-22 01:25:31,753 - INFO - SELECT * FROM hourly_data  WHERE yearday = 25021 ALLOW FILTERING; 
2025-01-22 01:25:34,600 - INFO - rows: 6544
2025-01-22 01:25:34,799 - ERROR - An error occurred: name 'hourly_devs' is not defined
2025-01-22 01:27:31,238 - INFO - Daily Aggregator Startup
2025-01-22 01:27:31,453 - INFO - Connected to Cassandra
2025-01-22 01:27:31,628 - INFO - SELECT * FROM hourly_data  WHERE yearday = 25021 ALLOW FILTERING; 
2025-01-22 01:27:35,390 - INFO - rows: 6544
2025-01-22 01:27:35,722 - ERROR - An error occurred: name 'hourly_devs' is not defined
2025-01-22 01:28:43,611 - INFO - Daily Aggregator Startup
2025-01-22 01:28:43,820 - INFO - Connected to Cassandra
2025-01-22 01:28:43,963 - INFO - SELECT * FROM hourly_data  WHERE yearday = 25021 ALLOW FILTERING; 
2025-01-22 01:28:47,237 - INFO - rows: 6544
2025-01-22 01:28:53,578 - INFO - Inserted: 13088 records.. 
2025-01-22 01:58:39,851 - INFO - Daily Aggregator Startup
2025-01-22 01:58:40,081 - INFO - Connected to Cassandra
2025-01-22 01:58:40,286 - INFO - SELECT * FROM hourly_data  WHERE yearday = 25021 ALLOW FILTERING; 
2025-01-22 01:58:43,520 - INFO - rows: 6544
2025-01-22 02:00:33,989 - INFO - Daily Aggregator Startup
2025-01-22 02:00:34,211 - INFO - Connected to Cassandra
2025-01-22 02:00:34,395 - INFO - SELECT * FROM hourly_data  WHERE yearday = 25021 ALLOW FILTERING; 
2025-01-22 02:07:35,212 - INFO - Daily Aggregator Startup
2025-01-22 02:07:35,434 - INFO - Connected to Cassandra
2025-01-22 02:07:35,437 - ERROR - An error occurred: descriptor 'date' for 'datetime.datetime' objects doesn't apply to a 'int' object
2025-01-22 02:27:44,734 - INFO - Daily Aggregator Startup
2025-01-22 02:27:44,961 - INFO - Connected to Cassandra
2025-01-22 02:27:45,106 - INFO - SELECT * FROM hourly_data  WHERE yearday = 25021 ALLOW FILTERING; 
2025-01-22 02:27:48,520 - INFO - rows: 6544
2025-01-22 02:27:55,181 - INFO - Inserted: 13088 records.. 
2025-01-23 00:10:02,096 - INFO - Daily Aggregator Startup
2025-01-23 00:10:02,450 - INFO - Connected to Cassandra
2025-01-23 00:10:02,584 - INFO - SELECT * FROM hourly_data  WHERE yearday = 25022 ALLOW FILTERING; 
2025-01-23 00:10:05,823 - INFO - rows: 6952
2025-01-23 00:10:05,824 - ERROR - An error occurred: name 'aggr' is not defined
2025-01-23 05:44:32,697 - INFO - Daily Aggregator Startup
2025-01-23 05:44:32,920 - INFO - Connected to Cassandra
2025-01-23 05:44:33,038 - INFO - SELECT * FROM hourly_data  WHERE yearday = 25022 ALLOW FILTERING; 
2025-01-23 05:44:36,530 - INFO - rows: 6952
2025-01-23 05:44:43,404 - INFO - Inserted: 13904 records.. 
2025-01-24 00:10:02,621 - INFO - Daily Aggregator Startup
2025-01-24 00:10:02,840 - INFO - Connected to Cassandra
2025-01-24 00:10:02,981 - INFO - SELECT * FROM hourly_data  WHERE yearday = 25023 ALLOW FILTERING; 
2025-01-24 00:10:06,665 - INFO - rows: 6938
2025-01-24 00:10:15,155 - INFO - Inserted: 13876 records.. 
2025-01-25 00:10:01,599 - INFO - Daily Aggregator Startup
2025-01-25 00:10:01,804 - INFO - Connected to Cassandra
2025-01-25 00:10:01,947 - INFO - SELECT * FROM hourly_data  WHERE yearday = 25024 ALLOW FILTERING; 
2025-01-25 00:10:05,671 - INFO - rows: 6965
2025-01-25 00:10:13,173 - INFO - Inserted: 13930 records.. 
2025-01-26 00:10:02,618 - INFO - Daily Aggregator Startup
2025-01-26 00:10:02,836 - INFO - Connected to Cassandra
2025-01-26 00:10:02,986 - INFO - SELECT * FROM hourly_data  WHERE yearday = 25025 ALLOW FILTERING; 
2025-01-26 00:10:06,625 - INFO - rows: 6888
2025-01-26 00:10:13,625 - INFO - Inserted: 13776 records.. 
2025-01-27 00:10:01,915 - INFO - Daily Aggregator Startup
2025-01-27 00:10:02,159 - INFO - Connected to Cassandra
2025-01-27 00:10:02,307 - INFO - SELECT * FROM hourly_data  WHERE yearday = 25026 ALLOW FILTERING; 
2025-01-27 00:10:06,106 - INFO - rows: 6838
2025-01-27 00:10:12,442 - INFO - Inserted: 13676 records.. 
2025-01-28 00:10:02,381 - INFO - Daily Aggregator Startup
2025-01-28 00:10:02,595 - INFO - Connected to Cassandra
2025-01-28 00:10:02,740 - INFO - SELECT * FROM hourly_data  WHERE yearday = 25027 ALLOW FILTERING; 
2025-01-28 00:10:06,209 - INFO - rows: 6929
2025-01-28 00:10:13,160 - INFO - Inserted: 13858 records.. 
2025-01-29 00:10:02,233 - INFO - Daily Aggregator Startup
2025-01-29 00:10:02,456 - INFO - Connected to Cassandra
2025-01-29 00:10:02,791 - INFO - SELECT * FROM hourly_data  WHERE yearday = 25028 ALLOW FILTERING; 
2025-01-29 00:10:03,519 - INFO - rows: 5758
2025-01-29 00:10:09,399 - INFO - Inserted: 11516 records.. 
2025-01-30 00:10:02,346 - INFO - Daily Aggregator Startup
2025-01-30 00:10:02,540 - INFO - Connected to Cassandra
2025-01-30 00:10:02,951 - INFO - SELECT * FROM hourly_data  WHERE yearday = 25029 ALLOW FILTERING; 
2025-01-30 00:10:02,952 - INFO - rows: 0
2025-01-30 00:10:02,952 - INFO - Inserted: 0 records.. 
2025-01-31 00:10:02,201 - INFO - Daily Aggregator Startup
2025-01-31 00:10:02,426 - INFO - Connected to Cassandra
2025-01-31 00:10:02,636 - INFO - SELECT * FROM hourly_data  WHERE yearday = 25030 ALLOW FILTERING; 
2025-01-31 00:10:05,038 - INFO - rows: 5823
2025-01-31 00:10:11,376 - INFO - Inserted: 11646 records.. 
2025-02-01 00:10:01,928 - INFO - Daily Aggregator Startup
2025-02-01 00:10:02,226 - INFO - Connected to Cassandra
2025-02-01 00:10:02,393 - INFO - SELECT * FROM hourly_data  WHERE yearday = 25031 ALLOW FILTERING; 
2025-02-01 00:10:05,839 - INFO - rows: 6811
2025-02-01 00:10:12,515 - INFO - Inserted: 13622 records.. 
2025-02-02 00:10:02,571 - INFO - Daily Aggregator Startup
2025-02-02 00:10:02,792 - INFO - Connected to Cassandra
2025-02-02 00:10:03,489 - INFO - SELECT * FROM hourly_data  WHERE yearday = 25032 ALLOW FILTERING; 
2025-02-02 00:10:03,489 - INFO - rows: 0
2025-02-02 00:10:03,490 - INFO - Inserted: 0 records.. 
2025-02-03 00:10:02,098 - INFO - Daily Aggregator Startup
2025-02-03 00:10:02,319 - INFO - Connected to Cassandra
2025-02-03 00:10:03,239 - INFO - SELECT * FROM hourly_data  WHERE yearday = 25033 ALLOW FILTERING; 
2025-02-03 00:10:03,240 - INFO - rows: 0
2025-02-03 00:10:03,241 - INFO - Inserted: 0 records.. 
2025-02-04 00:10:01,689 - INFO - Daily Aggregator Startup
2025-02-04 00:10:01,901 - INFO - Connected to Cassandra
2025-02-04 00:10:02,385 - INFO - SELECT * FROM hourly_data  WHERE yearday = 25034 ALLOW FILTERING; 
2025-02-04 00:10:02,385 - INFO - rows: 0
2025-02-04 00:10:02,386 - INFO - Inserted: 0 records.. 
2025-02-05 00:10:02,286 - INFO - Daily Aggregator Startup
2025-02-05 00:10:02,518 - INFO - Connected to Cassandra
2025-02-05 00:10:03,065 - INFO - SELECT * FROM hourly_data  WHERE yearday = 25035 ALLOW FILTERING; 
2025-02-05 00:10:03,066 - INFO - rows: 0
2025-02-05 00:10:03,067 - INFO - Inserted: 0 records.. 
2025-02-06 00:10:02,026 - INFO - Daily Aggregator Startup
2025-02-06 00:10:02,228 - INFO - Connected to Cassandra
2025-02-06 00:10:03,027 - INFO - SELECT * FROM hourly_data  WHERE yearday = 25036 ALLOW FILTERING; 
2025-02-06 00:10:03,028 - INFO - rows: 0
2025-02-06 00:10:03,028 - INFO - Inserted: 0 records.. 
2025-02-07 00:10:01,772 - INFO - Daily Aggregator Startup
2025-02-07 00:10:01,984 - INFO - Connected to Cassandra
2025-02-07 00:10:02,592 - INFO - SELECT * FROM hourly_data  WHERE yearday = 25037 ALLOW FILTERING; 
2025-02-07 00:10:02,593 - INFO - rows: 0
2025-02-07 00:10:02,594 - INFO - Inserted: 0 records.. 
2025-02-08 00:10:01,685 - INFO - Daily Aggregator Startup
2025-02-08 00:10:02,026 - INFO - Connected to Cassandra
2025-02-08 00:10:02,579 - INFO - SELECT * FROM hourly_data  WHERE yearday = 25038 ALLOW FILTERING; 
2025-02-08 00:10:02,579 - INFO - rows: 0
2025-02-08 00:10:02,581 - INFO - Inserted: 0 records.. 
2025-02-09 00:10:02,213 - INFO - Daily Aggregator Startup
2025-02-09 00:10:02,442 - INFO - Connected to Cassandra
2025-02-09 00:10:03,092 - INFO - SELECT * FROM hourly_data  WHERE yearday = 25039 ALLOW FILTERING; 
2025-02-09 00:10:03,092 - INFO - rows: 0
2025-02-09 00:10:03,093 - INFO - Inserted: 0 records.. 
2025-02-10 00:10:02,453 - INFO - Daily Aggregator Startup
2025-02-10 00:10:02,666 - INFO - Connected to Cassandra
2025-02-10 00:10:03,555 - INFO - SELECT * FROM hourly_data  WHERE yearday = 25040 ALLOW FILTERING; 
2025-02-10 00:10:03,555 - INFO - rows: 0
2025-02-10 00:10:03,556 - INFO - Inserted: 0 records.. 
2025-02-11 00:10:01,970 - INFO - Daily Aggregator Startup
2025-02-11 00:10:02,207 - INFO - Connected to Cassandra
2025-02-11 00:10:02,810 - INFO - SELECT * FROM hourly_data  WHERE yearday = 25041 ALLOW FILTERING; 
2025-02-11 00:10:02,811 - INFO - rows: 0
2025-02-11 00:10:02,812 - INFO - Inserted: 0 records.. 
2025-02-12 00:10:01,741 - INFO - Daily Aggregator Startup
2025-02-12 00:10:01,949 - INFO - Connected to Cassandra
2025-02-12 00:10:02,478 - INFO - SELECT * FROM hourly_data  WHERE yearday = 25042 ALLOW FILTERING; 
2025-02-12 00:10:02,478 - INFO - rows: 0
2025-02-12 00:10:02,479 - INFO - Inserted: 0 records.. 
2025-02-13 00:10:01,679 - INFO - Daily Aggregator Startup
2025-02-13 00:10:01,892 - INFO - Connected to Cassandra
2025-02-13 00:10:02,457 - INFO - SELECT * FROM hourly_data  WHERE yearday = 25043 ALLOW FILTERING; 
2025-02-13 00:10:02,458 - INFO - rows: 0
2025-02-13 00:10:02,458 - INFO - Inserted: 0 records.. 
2025-02-14 00:10:01,643 - INFO - Daily Aggregator Startup
2025-02-14 00:10:01,855 - INFO - Connected to Cassandra
2025-02-14 00:10:02,048 - INFO - SELECT * FROM hourly_data  WHERE yearday = 25044 ALLOW FILTERING; 
2025-02-14 00:10:05,189 - INFO - rows: 6322
2025-02-14 00:10:11,662 - INFO - Inserted: 12644 records.. 
2025-02-15 00:10:01,523 - INFO - Daily Aggregator Startup
2025-02-15 00:10:01,746 - INFO - Connected to Cassandra
2025-02-15 00:10:01,903 - INFO - SELECT * FROM hourly_data  WHERE yearday = 25045 ALLOW FILTERING; 
2025-02-15 00:10:05,928 - INFO - rows: 6782
2025-02-15 00:10:13,623 - INFO - Inserted: 13564 records.. 
2025-02-16 00:10:01,662 - INFO - Daily Aggregator Startup
2025-02-16 00:10:01,896 - INFO - Connected to Cassandra
2025-02-16 00:10:02,056 - INFO - SELECT * FROM hourly_data  WHERE yearday = 25046 ALLOW FILTERING; 
2025-02-16 00:10:05,862 - INFO - rows: 6698
2025-02-16 00:10:12,857 - INFO - Inserted: 13396 records.. 
2025-02-17 00:10:02,224 - INFO - Daily Aggregator Startup
2025-02-17 00:10:03,111 - INFO - Connected to Cassandra
2025-02-17 00:10:03,308 - INFO - SELECT * FROM hourly_data  WHERE yearday = 25047 ALLOW FILTERING; 
2025-02-17 00:10:06,925 - INFO - rows: 6677
2025-02-17 00:10:14,648 - INFO - Inserted: 13354 records.. 
2025-02-18 00:10:02,327 - INFO - Daily Aggregator Startup
2025-02-18 00:10:02,554 - INFO - Connected to Cassandra
2025-02-18 00:10:02,754 - INFO - SELECT * FROM hourly_data  WHERE yearday = 25048 ALLOW FILTERING; 
2025-02-18 00:10:07,079 - INFO - rows: 6760
2025-02-18 00:10:13,593 - INFO - Inserted: 13520 records.. 
2025-02-19 00:10:02,420 - INFO - Daily Aggregator Startup
2025-02-19 00:10:02,627 - INFO - Connected to Cassandra
2025-02-19 00:10:02,783 - INFO - SELECT * FROM hourly_data  WHERE yearday = 25049 ALLOW FILTERING; 
2025-02-19 00:10:06,898 - INFO - rows: 6718
2025-02-19 00:10:14,085 - INFO - Inserted: 13436 records.. 
2025-02-20 00:10:02,448 - INFO - Daily Aggregator Startup
2025-02-20 00:10:02,878 - INFO - Connected to Cassandra
2025-02-20 00:10:03,061 - INFO - SELECT * FROM hourly_data  WHERE yearday = 25050 ALLOW FILTERING; 
2025-02-20 00:10:07,443 - INFO - rows: 6752
2025-02-20 00:10:14,552 - INFO - Inserted: 13504 records.. 
2025-02-21 00:10:02,147 - INFO - Daily Aggregator Startup
2025-02-21 00:10:02,540 - INFO - Connected to Cassandra
2025-02-21 00:10:02,706 - INFO - SELECT * FROM hourly_data  WHERE yearday = 25051 ALLOW FILTERING; 
2025-02-21 00:10:06,796 - INFO - rows: 6772
2025-02-21 00:10:13,608 - INFO - Inserted: 13544 records.. 
2025-02-22 00:10:01,895 - INFO - Daily Aggregator Startup
2025-02-22 00:10:02,137 - INFO - Connected to Cassandra
2025-02-22 00:10:02,296 - INFO - SELECT * FROM hourly_data  WHERE yearday = 25052 ALLOW FILTERING; 
2025-02-22 00:10:06,779 - INFO - rows: 7041
2025-02-22 00:10:14,488 - INFO - Inserted: 14082 records.. 
2025-02-23 00:10:02,399 - INFO - Daily Aggregator Startup
2025-02-23 00:10:02,930 - INFO - Connected to Cassandra
2025-02-23 00:10:03,071 - INFO - SELECT * FROM hourly_data  WHERE yearday = 25053 ALLOW FILTERING; 
2025-02-23 00:10:07,224 - INFO - rows: 7040
2025-02-23 00:10:14,576 - INFO - Inserted: 14080 records.. 
2025-02-24 00:10:01,605 - INFO - Daily Aggregator Startup
2025-02-24 00:10:01,813 - INFO - Connected to Cassandra
2025-02-24 00:10:01,991 - INFO - SELECT * FROM hourly_data  WHERE yearday = 25054 ALLOW FILTERING; 
2025-02-24 00:10:06,361 - INFO - rows: 7006
2025-02-24 00:10:13,324 - INFO - Inserted: 14012 records.. 
2025-02-25 00:10:02,432 - INFO - Daily Aggregator Startup
2025-02-25 00:10:02,657 - INFO - Connected to Cassandra
2025-02-25 00:10:02,823 - INFO - SELECT * FROM hourly_data  WHERE yearday = 25055 ALLOW FILTERING; 
2025-02-25 00:10:07,441 - INFO - rows: 7682
2025-02-25 00:10:17,288 - INFO - Inserted: 15364 records.. 
2025-02-26 00:10:02,320 - INFO - Daily Aggregator Startup
2025-02-26 00:10:02,550 - INFO - Connected to Cassandra
2025-02-26 00:10:02,736 - INFO - SELECT * FROM hourly_data  WHERE yearday = 25056 ALLOW FILTERING; 
2025-02-26 00:10:08,026 - INFO - rows: 8080
2025-02-26 00:10:16,436 - INFO - Inserted: 16160 records.. 
2025-02-27 00:10:01,988 - INFO - Daily Aggregator Startup
2025-02-27 00:10:02,207 - INFO - Connected to Cassandra
2025-02-27 00:10:02,385 - INFO - SELECT * FROM hourly_data  WHERE yearday = 25057 ALLOW FILTERING; 
2025-02-27 00:10:08,135 - INFO - rows: 8273
2025-02-27 00:10:17,446 - INFO - Inserted: 16546 records.. 
2025-02-28 00:10:02,354 - INFO - Daily Aggregator Startup
2025-02-28 00:10:02,546 - INFO - Connected to Cassandra
2025-02-28 00:10:02,759 - INFO - SELECT * FROM hourly_data  WHERE yearday = 25058 ALLOW FILTERING; 
2025-02-28 00:10:07,910 - INFO - rows: 8665
2025-02-28 00:10:17,736 - INFO - Inserted: 17330 records.. 
2025-03-01 00:10:02,437 - INFO - Daily Aggregator Startup
2025-03-01 00:10:02,814 - INFO - Connected to Cassandra
2025-03-01 00:10:03,016 - INFO - SELECT * FROM hourly_data  WHERE yearday = 25059 ALLOW FILTERING; 
2025-03-01 00:10:08,042 - INFO - rows: 8412
2025-03-01 00:10:16,831 - INFO - Inserted: 16824 records.. 
2025-03-02 00:10:02,332 - INFO - Daily Aggregator Startup
2025-03-02 00:10:02,542 - INFO - Connected to Cassandra
2025-03-02 00:10:02,691 - INFO - SELECT * FROM hourly_data  WHERE yearday = 25060 ALLOW FILTERING; 
2025-03-02 00:10:07,308 - INFO - rows: 8149
2025-03-02 00:10:16,291 - INFO - Inserted: 16298 records.. 
2025-03-03 00:10:02,046 - INFO - Daily Aggregator Startup
2025-03-03 00:10:02,263 - INFO - Connected to Cassandra
2025-03-03 00:10:02,470 - INFO - SELECT * FROM hourly_data  WHERE yearday = 25061 ALLOW FILTERING; 
2025-03-03 00:10:07,521 - INFO - rows: 8208
2025-03-03 00:10:14,979 - INFO - Inserted: 16416 records.. 
2025-03-04 00:10:02,307 - INFO - Daily Aggregator Startup
2025-03-04 00:10:02,523 - INFO - Connected to Cassandra
2025-03-04 00:10:02,684 - INFO - SELECT * FROM hourly_data  WHERE yearday = 25062 ALLOW FILTERING; 
2025-03-04 00:10:08,979 - INFO - rows: 8518
2025-03-04 00:10:17,495 - INFO - Inserted: 17036 records.. 
2025-03-05 00:10:02,016 - INFO - Daily Aggregator Startup
2025-03-05 00:10:02,721 - INFO - Connected to Cassandra
2025-03-05 00:10:02,960 - INFO - SELECT * FROM hourly_data  WHERE yearday = 25063 ALLOW FILTERING; 
2025-03-05 00:10:09,910 - INFO - rows: 8650
2025-03-05 00:10:23,427 - INFO - Inserted: 17300 records.. 
2025-03-06 00:10:02,056 - INFO - Daily Aggregator Startup
2025-03-06 00:10:02,254 - INFO - Connected to Cassandra
2025-03-06 00:10:02,486 - INFO - SELECT * FROM hourly_data  WHERE yearday = 25064 ALLOW FILTERING; 
2025-03-06 00:10:09,303 - INFO - rows: 8815
2025-03-06 00:10:18,355 - INFO - Inserted: 17630 records.. 
2025-03-07 00:10:01,645 - INFO - Daily Aggregator Startup
2025-03-07 00:10:01,849 - INFO - Connected to Cassandra
2025-03-07 00:10:02,060 - INFO - SELECT * FROM hourly_data  WHERE yearday = 25065 ALLOW FILTERING; 
2025-03-07 00:10:09,062 - INFO - rows: 8900
2025-03-07 00:10:18,765 - INFO - Inserted: 17800 records.. 
2025-03-08 00:10:01,616 - INFO - Daily Aggregator Startup
2025-03-08 00:10:01,823 - INFO - Connected to Cassandra
2025-03-08 00:10:02,025 - INFO - SELECT * FROM hourly_data  WHERE yearday = 25066 ALLOW FILTERING; 
2025-03-08 00:10:08,167 - INFO - rows: 8809
2025-03-08 00:10:17,001 - INFO - Inserted: 17618 records.. 
2025-03-09 00:10:01,678 - INFO - Daily Aggregator Startup
2025-03-09 00:10:01,904 - INFO - Connected to Cassandra
2025-03-09 00:10:02,081 - INFO - SELECT * FROM hourly_data  WHERE yearday = 25067 ALLOW FILTERING; 
2025-03-09 00:10:09,414 - INFO - rows: 8694
2025-03-09 00:10:19,224 - INFO - Inserted: 17388 records.. 
2025-03-10 00:10:01,920 - INFO - Daily Aggregator Startup
2025-03-10 00:10:02,773 - INFO - Connected to Cassandra
2025-03-10 00:10:02,928 - INFO - SELECT * FROM hourly_data  WHERE yearday = 25068 ALLOW FILTERING; 
2025-03-10 00:10:09,208 - INFO - rows: 8717
2025-03-10 00:10:18,008 - INFO - Inserted: 17434 records.. 
2025-03-11 00:10:02,219 - INFO - Daily Aggregator Startup
2025-03-11 00:10:02,427 - INFO - Connected to Cassandra
2025-03-11 00:10:02,615 - INFO - SELECT * FROM hourly_data  WHERE yearday = 25069 ALLOW FILTERING; 
2025-03-11 00:10:09,130 - INFO - rows: 8715
2025-03-11 00:10:17,810 - INFO - Inserted: 17430 records.. 
2025-03-12 00:10:01,754 - INFO - Daily Aggregator Startup
2025-03-12 00:10:01,943 - INFO - Connected to Cassandra
2025-03-12 00:10:02,394 - INFO - SELECT * FROM hourly_data  WHERE yearday = 25070 ALLOW FILTERING; 
2025-03-12 00:10:09,316 - INFO - rows: 8772
2025-03-12 00:10:19,174 - INFO - Inserted: 17544 records.. 
2025-03-13 00:10:01,962 - INFO - Daily Aggregator Startup
2025-03-13 00:10:02,190 - INFO - Connected to Cassandra
2025-03-13 00:10:02,389 - INFO - SELECT * FROM hourly_data  WHERE yearday = 25071 ALLOW FILTERING; 
2025-03-13 00:10:08,954 - INFO - rows: 8909
2025-03-13 00:10:18,067 - INFO - Inserted: 17818 records.. 
2025-03-14 00:10:02,650 - INFO - Daily Aggregator Startup
2025-03-14 00:10:02,868 - INFO - Connected to Cassandra
2025-03-14 00:10:03,067 - INFO - SELECT * FROM hourly_data  WHERE yearday = 25072 ALLOW FILTERING; 
2025-03-14 00:10:09,786 - INFO - rows: 9207
2025-03-14 00:10:21,780 - INFO - Inserted: 18414 records.. 
2025-03-15 00:10:01,623 - INFO - Daily Aggregator Startup
2025-03-15 00:10:01,845 - INFO - Connected to Cassandra
2025-03-15 00:10:02,054 - INFO - SELECT * FROM hourly_data  WHERE yearday = 25073 ALLOW FILTERING; 
2025-03-15 00:10:09,886 - INFO - rows: 9585
2025-03-15 00:10:23,455 - INFO - Inserted: 19170 records.. 
2025-03-16 00:10:02,424 - INFO - Daily Aggregator Startup
2025-03-16 00:10:02,649 - INFO - Connected to Cassandra
2025-03-16 00:10:02,839 - INFO - SELECT * FROM hourly_data  WHERE yearday = 25074 ALLOW FILTERING; 
2025-03-16 00:10:09,959 - INFO - rows: 9775
2025-03-16 00:10:20,180 - INFO - Inserted: 19550 records.. 
2025-03-17 00:10:01,810 - INFO - Daily Aggregator Startup
2025-03-17 00:10:02,016 - INFO - Connected to Cassandra
2025-03-17 00:10:02,266 - INFO - SELECT * FROM hourly_data  WHERE yearday = 25075 ALLOW FILTERING; 
2025-03-17 00:10:09,866 - INFO - rows: 10066
2025-03-17 00:10:20,222 - INFO - Inserted: 20132 records.. 
2025-03-18 00:10:01,799 - INFO - Daily Aggregator Startup
2025-03-18 00:10:02,037 - INFO - Connected to Cassandra
2025-03-18 00:10:02,234 - INFO - SELECT * FROM hourly_data  WHERE yearday = 25076 ALLOW FILTERING; 
2025-03-18 00:10:12,009 - INFO - rows: 10299
2025-03-18 00:10:23,558 - INFO - Inserted: 20598 records.. 
2025-03-19 00:10:01,956 - INFO - Daily Aggregator Startup
2025-03-19 00:10:02,284 - INFO - Connected to Cassandra
2025-03-19 00:10:02,457 - INFO - SELECT * FROM hourly_data  WHERE yearday = 25077 ALLOW FILTERING; 
2025-03-19 00:10:12,650 - INFO - rows: 10483
2025-03-19 00:10:24,232 - INFO - Inserted: 20966 records.. 
2025-03-20 00:10:01,750 - INFO - Daily Aggregator Startup
2025-03-20 00:10:01,961 - INFO - Connected to Cassandra
2025-03-20 00:10:02,122 - INFO - SELECT * FROM hourly_data  WHERE yearday = 25078 ALLOW FILTERING; 
2025-03-20 00:10:10,311 - INFO - rows: 10497
2025-03-20 00:10:21,407 - INFO - Inserted: 20994 records.. 
2025-03-21 00:10:01,888 - INFO - Daily Aggregator Startup
2025-03-21 00:10:02,087 - INFO - Connected to Cassandra
2025-03-21 00:10:02,547 - INFO - SELECT * FROM hourly_data  WHERE yearday = 25079 ALLOW FILTERING; 
2025-03-21 00:10:11,090 - INFO - rows: 10523
2025-03-21 00:10:21,717 - INFO - Inserted: 21046 records.. 
2025-03-22 00:10:02,525 - INFO - Daily Aggregator Startup
2025-03-22 00:10:02,740 - INFO - Connected to Cassandra
2025-03-22 00:10:02,927 - INFO - SELECT * FROM hourly_data  WHERE yearday = 25080 ALLOW FILTERING; 
2025-03-22 00:10:11,374 - INFO - rows: 10464
2025-03-22 00:10:22,161 - INFO - Inserted: 20928 records.. 
2025-03-23 00:10:02,359 - INFO - Daily Aggregator Startup
2025-03-23 00:10:02,800 - INFO - Connected to Cassandra
2025-03-23 00:10:03,012 - INFO - SELECT * FROM hourly_data  WHERE yearday = 25081 ALLOW FILTERING; 
2025-03-23 00:10:11,058 - INFO - rows: 10243
2025-03-23 00:10:21,134 - INFO - Inserted: 20486 records.. 
2025-03-24 00:10:02,572 - INFO - Daily Aggregator Startup
2025-03-24 00:10:02,827 - INFO - Connected to Cassandra
2025-03-24 00:10:03,061 - INFO - SELECT * FROM hourly_data  WHERE yearday = 25082 ALLOW FILTERING; 
2025-03-24 00:10:10,957 - INFO - rows: 10407
2025-03-24 00:10:21,305 - INFO - Inserted: 20814 records.. 
2025-03-25 00:10:02,101 - INFO - Daily Aggregator Startup
2025-03-25 00:10:02,334 - INFO - Connected to Cassandra
2025-03-25 00:10:02,552 - INFO - SELECT * FROM hourly_data  WHERE yearday = 25083 ALLOW FILTERING; 
2025-03-25 00:10:10,684 - INFO - rows: 10491
2025-03-25 00:10:21,931 - INFO - Inserted: 20982 records.. 
2025-03-26 00:10:02,085 - INFO - Daily Aggregator Startup
2025-03-26 00:10:02,597 - INFO - Connected to Cassandra
2025-03-26 00:10:02,791 - INFO - SELECT * FROM hourly_data  WHERE yearday = 25084 ALLOW FILTERING; 
2025-03-26 00:10:12,128 - INFO - rows: 10543
2025-03-26 00:10:24,857 - INFO - Inserted: 21086 records.. 
2025-03-27 00:10:02,071 - INFO - Daily Aggregator Startup
2025-03-27 00:10:02,281 - INFO - Connected to Cassandra
2025-03-27 00:10:02,521 - INFO - SELECT * FROM hourly_data  WHERE yearday = 25085 ALLOW FILTERING; 
2025-03-27 00:10:13,205 - INFO - rows: 10551
2025-03-27 00:10:26,810 - INFO - Inserted: 21102 records.. 
2025-03-28 00:10:01,940 - INFO - Daily Aggregator Startup
2025-03-28 00:10:02,167 - INFO - Connected to Cassandra
2025-03-28 00:10:02,922 - INFO - SELECT * FROM hourly_data  WHERE yearday = 25086 ALLOW FILTERING; 
2025-03-28 00:10:14,193 - INFO - rows: 10477
2025-03-28 00:10:25,166 - INFO - Inserted: 20954 records.. 
2025-03-29 00:10:01,745 - INFO - Daily Aggregator Startup
2025-03-29 00:10:01,964 - INFO - Connected to Cassandra
2025-03-29 00:10:02,199 - INFO - SELECT * FROM hourly_data  WHERE yearday = 25087 ALLOW FILTERING; 
2025-03-29 00:10:12,767 - INFO - rows: 10533
2025-03-29 00:10:24,880 - INFO - Inserted: 21066 records.. 
2025-03-30 00:10:01,805 - INFO - Daily Aggregator Startup
2025-03-30 00:10:02,307 - INFO - Connected to Cassandra
2025-03-30 00:10:02,537 - INFO - SELECT * FROM hourly_data  WHERE yearday = 25088 ALLOW FILTERING; 
2025-03-30 00:10:16,961 - INFO - rows: 10439
2025-03-30 00:10:28,197 - INFO - Inserted: 20878 records.. 
2025-03-31 00:10:02,336 - INFO - Daily Aggregator Startup
2025-03-31 00:10:02,547 - INFO - Connected to Cassandra
2025-03-31 00:10:02,854 - INFO - SELECT * FROM hourly_data  WHERE yearday = 25089 ALLOW FILTERING; 
2025-03-31 00:10:11,318 - INFO - rows: 10221
2025-03-31 00:10:20,879 - INFO - Inserted: 20442 records.. 
2025-04-01 00:10:01,911 - INFO - Daily Aggregator Startup
2025-04-01 00:10:02,154 - INFO - Connected to Cassandra
2025-04-01 00:10:02,411 - INFO - SELECT * FROM hourly_data  WHERE yearday = 25090 ALLOW FILTERING; 
2025-04-01 00:10:12,211 - INFO - rows: 10444
2025-04-01 00:10:23,513 - INFO - Inserted: 20888 records.. 
2025-04-02 00:10:01,848 - INFO - Daily Aggregator Startup
2025-04-02 00:10:02,066 - INFO - Connected to Cassandra
2025-04-02 00:10:02,383 - INFO - SELECT * FROM hourly_data  WHERE yearday = 25091 ALLOW FILTERING; 
2025-04-02 00:10:12,000 - INFO - rows: 10448
2025-04-02 00:10:22,259 - INFO - Inserted: 20896 records.. 
2025-04-03 00:10:02,125 - INFO - Daily Aggregator Startup
2025-04-03 00:10:02,375 - INFO - Connected to Cassandra
2025-04-03 00:10:06,146 - INFO - SELECT * FROM hourly_data  WHERE yearday = 25092 ALLOW FILTERING; 
2025-04-03 00:10:06,146 - INFO - rows: 0
2025-04-03 00:10:06,147 - INFO - Inserted: 0 records.. 
2025-04-04 00:10:02,009 - INFO - Daily Aggregator Startup
2025-04-04 00:10:02,227 - INFO - Connected to Cassandra
2025-04-04 00:10:06,615 - INFO - SELECT * FROM hourly_data  WHERE yearday = 25093 ALLOW FILTERING; 
2025-04-04 00:10:06,616 - INFO - rows: 0
2025-04-04 00:10:06,616 - INFO - Inserted: 0 records.. 
